<?xml version="1.0" encoding="UTF-8"?>
<testng-results ignored="0" total="1" passed="1" failed="0" skipped="0">
  <reporter-output>
  </reporter-output>
  <suite started-at="2021-03-14T10:40:38 IST" name="Default suite" finished-at="2021-03-14T10:41:03 IST" duration-ms="24590">
    <groups>
    </groups>
    <test started-at="2021-03-14T10:40:38 IST" name="Default test" finished-at="2021-03-14T10:41:03 IST" duration-ms="24590">
      <class name="TestCases.TC_001">
        <test-method is-config="true" signature="startBrowser()[pri:0, instance:TestCases.TC_001@16610890]" started-at="2021-03-14T10:40:38 IST" name="startBrowser" finished-at="2021-03-14T10:40:58 IST" duration-ms="19856" status="PASS">
          <reporter-output>
          </reporter-output>
        </test-method> <!-- startBrowser -->
        <test-method signature="Amazon()[pri:0, instance:TestCases.TC_001@16610890]" started-at="2021-03-14T10:40:58 IST" name="Amazon" finished-at="2021-03-14T10:41:01 IST" duration-ms="3574" status="PASS">
          <reporter-output>
          </reporter-output>
        </test-method> <!-- Amazon -->
        <test-method is-config="true" signature="QiutBrowser()[pri:0, instance:TestCases.TC_001@16610890]" started-at="2021-03-14T10:41:02 IST" name="QiutBrowser" finished-at="2021-03-14T10:41:03 IST" duration-ms="1013" status="PASS">
          <reporter-output>
          </reporter-output>
        </test-method> <!-- QiutBrowser -->
      </class> <!-- TestCases.TC_001 -->
    </test> <!-- Default test -->
  </suite> <!-- Default suite -->
</testng-results>
